# JRE version: Java(TM) SE Runtime Environment (7.0_45-b18) (build 1.7.0_45-b18)
# Java VM: Java HotSpot(TM) 64-Bit Server VM (24.45-b08 mixed mode linux-amd64 compressed oops)
Heap
 PSYoungGen      total 83968K, used 66761K [0x00000000f5500000, 0x00000000fb980000, 0x0000000100000000)
  eden space 67072K, 92% used [0x00000000f5500000,0x00000000f91e7280,0x00000000f9680000)
  from space 16896K, 26% used [0x00000000fa900000,0x00000000fad4b250,0x00000000fb980000)
  to   space 17920K, 0% used [0x00000000f9680000,0x00000000f9680000,0x00000000fa800000)
 ParOldGen       total 122368K, used 81173K [0x00000000e0000000, 0x00000000e7780000, 0x00000000f5500000)
  object space 122368K, 66% used [0x00000000e0000000,0x00000000e4f454e0,0x00000000e7780000)
 PSPermGen       total 140288K, used 119362K [0x00000000d0000000, 0x00000000d8900000, 0x00000000e0000000)
  object space 140288K, 85% used [0x00000000d0000000,0x00000000d7490858,0x00000000d8900000)
GC Heap History (10 events):
Event: 14222.198 GC heap before
{Heap before GC invocations=194 (full 15):
 PSYoungGen      total 81920K, used 77047K [0x00000000f5500000, 0x00000000fb500000, 0x0000000100000000)
  eden space 67072K, 100% used [0x00000000f5500000,0x00000000f9680000,0x00000000f9680000)
  from space 14848K, 67% used [0x00000000fa580000,0x00000000faf3dd38,0x00000000fb400000)
  to   space 15360K, 0% used [0x00000000f9680000,0x00000000f9680000,0x00000000fa580000)
 ParOldGen       total 122368K, used 76623K [0x00000000e0000000, 0x00000000e7780000, 0x00000000f5500000)
  object space 122368K, 62% used [0x00000000e0000000,0x00000000e4ad3c58,0x00000000e7780000)
 PSPermGen       total 143360K, used 119248K [0x00000000d0000000, 0x00000000d8c00000, 0x00000000e0000000)
  object space 143360K, 83% used [0x00000000d0000000,0x00000000d74740c0,0x00000000d8c00000)
Event: 14222.213 GC heap after
Heap after GC invocations=194 (full 15):
 PSYoungGen      total 82432K, used 12517K [0x00000000f5500000, 0x00000000fb800000, 0x0000000100000000)
  eden space 67072K, 0% used [0x00000000f5500000,0x00000000f5500000,0x00000000f9680000)
  from space 15360K, 81% used [0x00000000f9680000,0x00000000fa2b94d0,0x00000000fa580000)
  to   space 16896K, 0% used [0x00000000fa780000,0x00000000fa780000,0x00000000fb800000)
 ParOldGen       total 122368K, used 76623K [0x00000000e0000000, 0x00000000e7780000, 0x00000000f5500000)
  object space 122368K, 62% used [0x00000000e0000000,0x00000000e4ad3c58,0x00000000e7780000)
 PSPermGen       total 143360K, used 119248K [0x00000000d0000000, 0x00000000d8c00000, 0x00000000e0000000)
  object space 143360K, 83% used [0x00000000d0000000,0x00000000d74740c0,0x00000000d8c00000)
}
Event: 14232.707 GC heap before
{Heap before GC invocations=195 (full 15):
 PSYoungGen      total 82432K, used 79589K [0x00000000f5500000, 0x00000000fb800000, 0x0000000100000000)
  eden space 67072K, 100% used [0x00000000f5500000,0x00000000f9680000,0x00000000f9680000)
  from space 15360K, 81% used [0x00000000f9680000,0x00000000fa2b94d0,0x00000000fa580000)
  to   space 16896K, 0% used [0x00000000fa780000,0x00000000fa780000,0x00000000fb800000)
 ParOldGen       total 122368K, used 76623K [0x00000000e0000000, 0x00000000e7780000, 0x00000000f5500000)
  object space 122368K, 62% used [0x00000000e0000000,0x00000000e4ad3c58,0x00000000e7780000)
 PSPermGen       total 143360K, used 119254K [0x00000000d0000000, 0x00000000d8c00000, 0x00000000e0000000)
  object space 143360K, 83% used [0x00000000d0000000,0x00000000d7475908,0x00000000d8c00000)
Event: 14232.721 GC heap after
Heap after GC invocations=195 (full 15):
 PSYoungGen      total 83456K, used 12618K [0x00000000f5500000, 0x00000000fba00000, 0x0000000100000000)
  eden space 66560K, 0% used [0x00000000f5500000,0x00000000f5500000,0x00000000f9600000)
  from space 16896K, 74% used [0x00000000fa780000,0x00000000fb3d2b88,0x00000000fb800000)
  to   space 17920K, 0% used [0x00000000f9600000,0x00000000f9600000,0x00000000fa780000)
 ParOldGen       total 122368K, used 76623K [0x00000000e0000000, 0x00000000e7780000, 0x00000000f5500000)
  object space 122368K, 62% used [0x00000000e0000000,0x00000000e4ad3c58,0x00000000e7780000)
 PSPermGen       total 143360K, used 119254K [0x00000000d0000000, 0x00000000d8c00000, 0x00000000e0000000)
  object space 143360K, 83% used [0x00000000d0000000,0x00000000d7475908,0x00000000d8c00000)
}
Event: 14273.826 GC heap before
{Heap before GC invocations=196 (full 15):
 PSYoungGen      total 83456K, used 46908K [0x00000000f5500000, 0x00000000fba00000, 0x0000000100000000)
  eden space 66560K, 51% used [0x00000000f5500000,0x00000000f767c528,0x00000000f9600000)
  from space 16896K, 74% used [0x00000000fa780000,0x00000000fb3d2b88,0x00000000fb800000)
  to   space 17920K, 0% used [0x00000000f9600000,0x00000000f9600000,0x00000000fa780000)
 ParOldGen       total 122368K, used 76623K [0x00000000e0000000, 0x00000000e7780000, 0x00000000f5500000)
  object space 122368K, 62% used [0x00000000e0000000,0x00000000e4ad3c58,0x00000000e7780000)
 PSPermGen       total 143360K, used 119349K [0x00000000d0000000, 0x00000000d8c00000, 0x00000000e0000000)
  object space 143360K, 83% used [0x00000000d0000000,0x00000000d748d7e0,0x00000000d8c00000)
Event: 14273.841 GC heap after
Heap after GC invocations=196 (full 15):
 PSYoungGen      total 84480K, used 11253K [0x00000000f5500000, 0x00000000fbb00000, 0x0000000100000000)
  eden space 66560K, 0% used [0x00000000f5500000,0x00000000f5500000,0x00000000f9600000)
  from space 17920K, 62% used [0x00000000f9600000,0x00000000fa0fd5e8,0x00000000fa780000)
  to   space 18432K, 0% used [0x00000000fa900000,0x00000000fa900000,0x00000000fbb00000)
 ParOldGen       total 122368K, used 76623K [0x00000000e0000000, 0x00000000e7780000, 0x00000000f5500000)
  object space 122368K, 62% used [0x00000000e0000000,0x00000000e4ad3c58,0x00000000e7780000)
 PSPermGen       total 143360K, used 119349K [0x00000000d0000000, 0x00000000d8c00000, 0x00000000e0000000)
  object space 143360K, 83% used [0x00000000d0000000,0x00000000d748d7e0,0x00000000d8c00000)
}
Event: 14273.841 GC heap before
{Heap before GC invocations=197 (full 16):
 PSYoungGen      total 84480K, used 11253K [0x00000000f5500000, 0x00000000fbb00000, 0x0000000100000000)
  eden space 66560K, 0% used [0x00000000f5500000,0x00000000f5500000,0x00000000f9600000)
  from space 17920K, 62% used [0x00000000f9600000,0x00000000fa0fd5e8,0x00000000fa780000)
  to   space 18432K, 0% used [0x00000000fa900000,0x00000000fa900000,0x00000000fbb00000)
 ParOldGen       total 122368K, used 76623K [0x00000000e0000000, 0x00000000e7780000, 0x00000000f5500000)
  object space 122368K, 62% used [0x00000000e0000000,0x00000000e4ad3c58,0x00000000e7780000)
 PSPermGen       total 143360K, used 119349K [0x00000000d0000000, 0x00000000d8c00000, 0x00000000e0000000)
  object space 143360K, 83% used [0x00000000d0000000,0x00000000d748d7e0,0x00000000d8c00000)
Event: 14274.275 GC heap after
Heap after GC invocations=197 (full 16):
 PSYoungGen      total 84480K, used 0K [0x00000000f5500000, 0x00000000fbb00000, 0x0000000100000000)
  eden space 66560K, 0% used [0x00000000f5500000,0x00000000f5500000,0x00000000f9600000)
  from space 17920K, 0% used [0x00000000f9600000,0x00000000f9600000,0x00000000fa780000)
  to   space 18432K, 0% used [0x00000000fa900000,0x00000000fa900000,0x00000000fbb00000)
 ParOldGen       total 122368K, used 81173K [0x00000000e0000000, 0x00000000e7780000, 0x00000000f5500000)
  object space 122368K, 66% used [0x00000000e0000000,0x00000000e4f454e0,0x00000000e7780000)
 PSPermGen       total 140288K, used 119348K [0x00000000d0000000, 0x00000000d8900000, 0x00000000e0000000)
  object space 140288K, 85% used [0x00000000d0000000,0x00000000d748d340,0x00000000d8900000)
}
Event: 14313.918 GC heap before
{Heap before GC invocations=198 (full 16):
 PSYoungGen      total 84480K, used 66560K [0x00000000f5500000, 0x00000000fbb00000, 0x0000000100000000)
  eden space 66560K, 100% used [0x00000000f5500000,0x00000000f9600000,0x00000000f9600000)
  from space 17920K, 0% used [0x00000000f9600000,0x00000000f9600000,0x00000000fa780000)
  to   space 18432K, 0% used [0x00000000fa900000,0x00000000fa900000,0x00000000fbb00000)
 ParOldGen       total 122368K, used 81173K [0x00000000e0000000, 0x00000000e7780000, 0x00000000f5500000)
  object space 122368K, 66% used [0x00000000e0000000,0x00000000e4f454e0,0x00000000e7780000)
 PSPermGen       total 140288K, used 119354K [0x00000000d0000000, 0x00000000d8900000, 0x00000000e0000000)
  object space 140288K, 85% used [0x00000000d0000000,0x00000000d748e888,0x00000000d8900000)
Event: 14313.931 GC heap after
Heap after GC invocations=198 (full 16):
 PSYoungGen      total 83968K, used 4396K [0x00000000f5500000, 0x00000000fb980000, 0x0000000100000000)
  eden space 67072K, 0% used [0x00000000f5500000,0x00000000f5500000,0x00000000f9680000)
  from space 16896K, 26% used [0x00000000fa900000,0x00000000fad4b250,0x00000000fb980000)
  to   space 17920K, 0% used [0x00000000f9680000,0x00000000f9680000,0x00000000fa800000)
 ParOldGen       total 122368K, used 81173K [0x00000000e0000000, 0x00000000e7780000, 0x00000000f5500000)
  object space 122368K, 66% used [0x00000000e0000000,0x00000000e4f454e0,0x00000000e7780000)
 PSPermGen       total 140288K, used 119354K [0x00000000d0000000, 0x00000000d8900000, 0x00000000e0000000)
  object space 140288K, 85% used [0x00000000d0000000,0x00000000d748e888,0x00000000d8900000)
}

